#
# A fatal error has been detected by the Java Runtime Environment:
#
#  SIGSEGV (0xb) at pc=0x00007f85d9aaf641, pid=5976, tid=0x00007f85da62b700
#
# JRE version: Java(TM) SE Runtime Environment (8.0_201-b09) (build 1.8.0_201-b09)
# Java VM: Java HotSpot(TM) 64-Bit Server VM (25.201-b09 mixed mode linux-amd64 compressed oops)
# Problematic frame:
# C  [libc.so.6+0xbb641]
#
# Failed to write core dump. Core dumps have been disabled. To enable core dumping, try "ulimit -c unlimited" before starting Java again
#
# If you would like to submit a bug report, please visit:
#   http://bugreport.java.com/bugreport/crash.jsp
# The crash happened outside the Java Virtual Machine in native code.
# See problematic frame for where to report the bug.
#

---------------  T H R E A D  ---------------

Current thread (0x00007f85d400b000):  JavaThread "main" [_thread_in_native, id=5977, stack(0x00007f85da52c000,0x00007f85da62c000)]

siginfo: si_signo: 11 (SIGSEGV), si_code: 1 (SEGV_MAPERR), si_addr: 0x00007f85da64ff12

Registers:
RAX=0x00007f85d41d7a80, RBX=0x00007f85d419d850, RCX=0x0000000000006d61, RDX=0x0000000000006569
RSP=0x00007f85da628798, RBP=0x00007f85da628810, RSI=0x00007f85da6499b9, RDI=0x00007f85d41d7a80
R8 =0x00000000001df000, R9 =0x00007f85d41ca9d0, R10=0x00007f85d41d7a80, R11=0x00000000001d8000
R12=0x0000000000006569, R13=0x0000000000006569, R14=0x00007f85d41c6b40, R15=0x00007f85da63c8fb
RIP=0x00007f85d9aaf641, EFLAGS=0x0000000000010293, CSGSFS=0x002b000000000033, ERR=0x0000000000000004
  TRAPNO=0x000000000000000e

Top of Stack: (sp=0x00007f85da628798)
0x00007f85da628798:   00007f85d35b40de 00007f85d41ca9d0
0x00007f85da6287a8:   0000632fc289d598 0000000000000000
0x00007f85da6287b8:   00007f850000632f 0000000072702f64
0x00007f85da6287c8:   00007f85d41ca9d0 0000000000006d61
0x00007f85da6287d8:   00000000632f6569 000000000000002f
0x00007f85da6287e8:   00007f85d419dab0 000000000000002f
0x00007f85da6287f8:   000000002b4c713f 00007f85d419d850
0x00007f85da628808:   00007f85d41a6790 00007f85da628860
0x00007f85da628818:   00007f85d35b49fe 01007f850000002f
0x00007f85da628828:   00007f85da628880 00000000c294c138
0x00007f85da628838:   000000000000002f 00007f85d400b1f8
0x00007f85da628848:   00007f85da628d60 00007f85da628880
0x00007f85da628858:   00007f85d419d850 00007f85da628cc0
0x00007f85da628868:   00007f85d35a5a75 00000000c294c138
0x00007f85da628878:   0000000000000001 2f6d616e752f786d
0x00007f85da628888:   736169636e656963 6f72702f6464652f
0x00007f85da628898:   432f316f74636579 6f64617261706d6f
0x00007f85da6288a8:   007373616c632e72 00007f85c2877618
0x00007f85da6288b8:   00007f85c29de2c8 00007f85c2917cc8
0x00007f85da6288c8:   00007f85c294c3c0 00007f85c2917d88
0x00007f85da6288d8:   00007f85d94c2429 00007f85c294c138
0x00007f85da6288e8:   00007f85c29b80e8 00007f85c2b90240
0x00007f85da6288f8:   00007f85da628b00 0000000000000001
0x00007f85da628908:   00007f85c28fb158 00007f85da49e4e0
0x00007f85da628918:   00007f85c29affd0 00007f85c294c138
0x00007f85da628928:   00000004c29aff50 00007f85d400b000
0x00007f85da628938:   00007f85c294c0f8 00007f85c2877618
0x00007f85da628948:   00007f85c29b0798 00007f85c29b80c8
0x00007f85da628958:   00007f85c29affd0 00007f85c294ce20
0x00007f85da628968:   00000000c29affb0 00007f85d400bd98
0x00007f85da628978:   00007f85c294c0f8 00000000c29d9520
0x00007f85da628988:   00007f85d400b000 00007f85da62a540 

Instructions: (pc=0x00007f85d9aaf641)
0x00007f85d9aaf621:   11 4f 10 0f 11 54 17 f0 0f 11 5c 17 e0 c3 48 39
0x00007f85d9aaf631:   f7 0f 87 8c 00 00 00 0f 84 28 ff ff ff 0f 10 26
0x00007f85d9aaf641:   0f 10 6c 16 f0 0f 10 74 16 e0 0f 10 7c 16 d0 44
0x00007f85d9aaf651:   0f 10 44 16 c0 49 89 fb 48 8d 4c 17 f0 49 89 f8 

Register to memory mapping:

RAX=0x00007f85d41d7a80 is an unknown value
RBX=0x00007f85d419d850 is an unknown value
RCX=0x0000000000006d61 is an unknown value
RDX=0x0000000000006569 is an unknown value
RSP=0x00007f85da628798 is pointing into the stack for thread: 0x00007f85d400b000
RBP=0x00007f85da628810 is pointing into the stack for thread: 0x00007f85d400b000
RSI=0x00007f85da6499b9 is an unknown value
RDI=0x00007f85d41d7a80 is an unknown value
R8 =0x00000000001df000 is an unknown value
R9 =0x00007f85d41ca9d0 is an unknown value
R10=0x00007f85d41d7a80 is an unknown value
R11=0x00000000001d8000 is an unknown value
R12=0x0000000000006569 is an unknown value
R13=0x0000000000006569 is an unknown value
R14=0x00007f85d41c6b40 is an unknown value
R15=0x00007f85da63c8fb is an unknown value


Stack: [0x00007f85da52c000,0x00007f85da62c000],  sp=0x00007f85da628798,  free space=1009k
Native frames: (J=compiled Java code, j=interpreted, Vv=VM code, C=native code)
C  [libc.so.6+0xbb641]
C  [libzip.so+0x129fe]  ZIP_GetEntry2+0xde
C  [libzip.so+0x3a75]  Java_java_util_zip_ZipFile_getEntry+0x85
j  java.util.zip.ZipFile.getEntry(J[BZ)J+0
j  java.util.zip.ZipFile.getEntry(Ljava/lang/String;)Ljava/util/zip/ZipEntry;+38
j  java.util.jar.JarFile.getEntry(Ljava/lang/String;)Ljava/util/zip/ZipEntry;+2
j  java.util.jar.JarFile.getJarEntry(Ljava/lang/String;)Ljava/util/jar/JarEntry;+2
j  sun.misc.URLClassPath$JarLoader.getResource(Ljava/lang/String;Z)Lsun/misc/Resource;+42
j  sun.misc.URLClassPath.getResource(Ljava/lang/String;Z)Lsun/misc/Resource;+62
j  java.net.URLClassLoader$1.run()Ljava/lang/Class;+26
j  java.net.URLClassLoader$1.run()Ljava/lang/Object;+1
v  ~StubRoutines::call_stub
V  [libjvm.so+0x68825b]  JavaCalls::call_helper(JavaValue*, methodHandle*, JavaCallArguments*, Thread*)+0xddb
V  [libjvm.so+0x7004b4]  JVM_DoPrivileged+0x4f4
j  java.security.AccessController.doPrivileged(Ljava/security/PrivilegedExceptionAction;Ljava/security/AccessControlContext;)Ljava/lang/Object;+0
j  java.net.URLClassLoader.findClass(Ljava/lang/String;)Ljava/lang/Class;+13
j  java.lang.ClassLoader.loadClass(Ljava/lang/String;Z)Ljava/lang/Class;+70
j  sun.misc.Launcher$AppClassLoader.loadClass(Ljava/lang/String;Z)Ljava/lang/Class;+81
j  java.lang.ClassLoader.loadClass(Ljava/lang/String;)Ljava/lang/Class;+3
v  ~StubRoutines::call_stub
V  [libjvm.so+0x68825b]  JavaCalls::call_helper(JavaValue*, methodHandle*, JavaCallArguments*, Thread*)+0xddb
V  [libjvm.so+0x685b23]  JavaCalls::call_virtual(JavaValue*, KlassHandle, Symbol*, Symbol*, JavaCallArguments*, Thread*)+0x263
V  [libjvm.so+0x686143]  JavaCalls::call_virtual(JavaValue*, Handle, KlassHandle, Symbol*, Symbol*, Handle, Thread*)+0x53
V  [libjvm.so+0xa44ed4]  SystemDictionary::load_instance_class(Symbol*, Handle, Thread*)+0x2e4
V  [libjvm.so+0xa4389b]  SystemDictionary::resolve_instance_class_or_null(Symbol*, Handle, Handle, Thread*)+0x87b
V  [libjvm.so+0xa45779]  SystemDictionary::resolve_or_fail(Symbol*, Handle, Handle, bool, Thread*)+0x49
V  [libjvm.so+0x4cfb27]  ConstantPool::klass_at_impl(constantPoolHandle, int, Thread*)+0x187
V  [libjvm.so+0x675873]  InterpreterRuntime::_new(JavaThread*, ConstantPool*, int)+0xa3
j  mx.unam.ciencias.edd.proyecto1.Archivos.Escribirarchivos(Ljava/lang/String;)V+39
j  mx.unam.ciencias.edd.proyecto1.Proyecto1.main([Ljava/lang/String;)V+76
v  ~StubRoutines::call_stub
V  [libjvm.so+0x68825b]  JavaCalls::call_helper(JavaValue*, methodHandle*, JavaCallArguments*, Thread*)+0xddb
V  [libjvm.so+0x6d3211]  jni_invoke_static(JNIEnv_*, JavaValue*, _jobject*, JNICallType, _jmethodID*, JNI_ArgumentPusher*, Thread*) [clone .isra.96] [clone .constprop.117]+0x1e1
V  [libjvm.so+0x6d54db]  jni_CallStaticVoidMethod+0x15b
C  [libjli.so+0x889c]  JavaMain+0xa3c
C  [libpthread.so.0+0x76db]  start_thread+0xdb

Java frames: (J=compiled Java code, j=interpreted, Vv=VM code)
j  java.util.zip.ZipFile.getEntry(J[BZ)J+0
j  java.util.zip.ZipFile.getEntry(Ljava/lang/String;)Ljava/util/zip/ZipEntry;+38
j  java.util.jar.JarFile.getEntry(Ljava/lang/String;)Ljava/util/zip/ZipEntry;+2
j  java.util.jar.JarFile.getJarEntry(Ljava/lang/String;)Ljava/util/jar/JarEntry;+2
j  sun.misc.URLClassPath$JarLoader.getResource(Ljava/lang/String;Z)Lsun/misc/Resource;+42
j  sun.misc.URLClassPath.getResource(Ljava/lang/String;Z)Lsun/misc/Resource;+62
j  java.net.URLClassLoader$1.run()Ljava/lang/Class;+26
j  java.net.URLClassLoader$1.run()Ljava/lang/Object;+1
v  ~StubRoutines::call_stub
j  java.security.AccessController.doPrivileged(Ljava/security/PrivilegedExceptionAction;Ljava/security/AccessControlContext;)Ljava/lang/Object;+0
j  java.net.URLClassLoader.findClass(Ljava/lang/String;)Ljava/lang/Class;+13
j  java.lang.ClassLoader.loadClass(Ljava/lang/String;Z)Ljava/lang/Class;+70
j  sun.misc.Launcher$AppClassLoader.loadClass(Ljava/lang/String;Z)Ljava/lang/Class;+81
j  java.lang.ClassLoader.loadClass(Ljava/lang/String;)Ljava/lang/Class;+3
v  ~StubRoutines::call_stub
j  mx.unam.ciencias.edd.proyecto1.Archivos.Escribirarchivos(Ljava/lang/String;)V+39
j  mx.unam.ciencias.edd.proyecto1.Proyecto1.main([Ljava/lang/String;)V+76
v  ~StubRoutines::call_stub

---------------  P R O C E S S  ---------------

Java Threads: ( => current thread )
  0x00007f859c001000 JavaThread "SIGTERM handler" daemon [_thread_in_vm, id=8953, stack(0x00007f85c0252000,0x00007f85c0353000)]
  0x00007f85d4190800 JavaThread "Service Thread" daemon [_thread_blocked, id=5989, stack(0x00007f85c0454000,0x00007f85c0555000)]
  0x00007f85d4185800 JavaThread "C1 CompilerThread2" daemon [_thread_blocked, id=5988, stack(0x00007f85c0556000,0x00007f85c0656000)]
  0x00007f85d4184000 JavaThread "C2 CompilerThread1" daemon [_thread_blocked, id=5987, stack(0x00007f85c0657000,0x00007f85c0757000)]
  0x00007f85d4181000 JavaThread "C2 CompilerThread0" daemon [_thread_blocked, id=5986, stack(0x00007f85c0758000,0x00007f85c0858000)]
  0x00007f85d417f800 JavaThread "Signal Dispatcher" daemon [_thread_blocked, id=5985, stack(0x00007f85c0858000,0x00007f85c0959000)]
  0x00007f85d414c800 JavaThread "Finalizer" daemon [_thread_blocked, id=5984, stack(0x00007f85c1328000,0x00007f85c1429000)]
  0x00007f85d414a000 JavaThread "Reference Handler" daemon [_thread_blocked, id=5983, stack(0x00007f85c1429000,0x00007f85c152a000)]
=>0x00007f85d400b000 JavaThread "main" [_thread_in_native, id=5977, stack(0x00007f85da52c000,0x00007f85da62c000)]

Other Threads:
  0x00007f85d4140800 VMThread [stack: 0x00007f85c152b000,0x00007f85c162b000] [id=5982]
  0x00007f85d4193800 WatcherThread [stack: 0x00007f85c0354000,0x00007f85c0454000] [id=5990]

VM state:not at safepoint (normal execution)

VM Mutex/Monitor currently owned by a thread: None

heap address: 0x0000000714200000, size: 2750 MB, Compressed Oops mode: Zero based, Oop shift amount: 3
Narrow klass base: 0x0000000000000000, Narrow klass shift: 3
Compressed class space size: 1073741824 Address: 0x00000007c0000000

Heap:
 PSYoungGen      total 51200K, used 2642K [0x0000000786b80000, 0x000000078a480000, 0x00000007c0000000)
  eden space 44032K, 6% used [0x0000000786b80000,0x0000000786e148a0,0x0000000789680000)
  from space 7168K, 0% used [0x0000000789d80000,0x0000000789d80000,0x000000078a480000)
  to   space 7168K, 0% used [0x0000000789680000,0x0000000789680000,0x0000000789d80000)
 ParOldGen       total 117760K, used 0K [0x0000000714200000, 0x000000071b500000, 0x0000000786b80000)
  object space 117760K, 0% used [0x0000000714200000,0x0000000714200000,0x000000071b500000)
 Metaspace       used 2711K, capacity 4564K, committed 4864K, reserved 1056768K
  class space    used 293K, capacity 388K, committed 512K, reserved 1048576K

Card table byte_map: [0x00007f85c3c82000,0x00007f85c41e2000] byte_map_base: 0x00007f85c03e1000

Marking Bits: (ParMarkBitMap*) 0x00007f85d99d6d80
 Begin Bits: [0x00007f85aea10000, 0x00007f85b1508000)
 End Bits:   [0x00007f85b1508000, 0x00007f85b4000000)

Polling page: 0x00007f85da646000

CodeCache: size=245760Kb used=1095Kb max_used=1095Kb free=244664Kb
 bounds [0x00007f85c45a2000, 0x00007f85c4812000, 0x00007f85d35a2000]
 total_blobs=256 nmethods=25 adapters=147
 compilation: enabled

Compilation events (10 events):
Event: 0.080 Thread 0x00007f85d4185800   20       3       java.lang.String::startsWith (72 bytes)
Event: 0.080 Thread 0x00007f85d4185800 nmethod 20 0x00007f85c46b2490 code [0x00007f85c46b2600, 0x00007f85c46b2930]
Event: 0.080 Thread 0x00007f85d4185800   19       3       java.lang.StringBuilder::append (8 bytes)
Event: 0.080 Thread 0x00007f85d4185800 nmethod 19 0x00007f85c46b2b10 code [0x00007f85c46b2c80, 0x00007f85c46b2e08]
Event: 0.080 Thread 0x00007f85d4185800   21       3       java.lang.System::getSecurityManager (4 bytes)
Event: 0.080 Thread 0x00007f85d4185800 nmethod 21 0x00007f85c46b2e90 code [0x00007f85c46b2fe0, 0x00007f85c46b3130]
Event: 0.080 Thread 0x00007f85d4185800   22       3       java.lang.String::lastIndexOf (52 bytes)
Event: 0.081 Thread 0x00007f85d4185800 nmethod 22 0x00007f85c46b3510 code [0x00007f85c46b36a0, 0x00007f85c46b3a28]
Event: 0.081 Thread 0x00007f85d4185800   23       3       java.util.concurrent.ConcurrentHashMap::tabAt (21 bytes)
Event: 0.081 Thread 0x00007f85d4185800 nmethod 23 0x00007f85c46b3b90 code [0x00007f85c46b3d00, 0x00007f85c46b3f30]

GC Heap History (0 events):
No events

Deoptimization events (0 events):
No events

Classes redefined (0 events):
No events

Internal exceptions (3 events):
Event: 0.028 Thread 0x00007f85d400b000 Exception <a 'java/lang/NoSuchMethodError': Method sun.misc.Unsafe.defineClass(Ljava/lang/String;[BII)Ljava/lang/Class; name or signature does not match> (0x0000000786b87cb0) thrown at [/HUDSON/workspace/8-2-build-linux-amd64/jdk8u201/12317/hotspot/src/sh
Event: 0.028 Thread 0x00007f85d400b000 Exception <a 'java/lang/NoSuchMethodError': Method sun.misc.Unsafe.prefetchRead(Ljava/lang/Object;J)V name or signature does not match> (0x0000000786b87f98) thrown at [/HUDSON/workspace/8-2-build-linux-amd64/jdk8u201/12317/hotspot/src/share/vm/prims/jni.c
Event: 5375.043 Thread 0x00007f85d400b000 Exception <a 'java/io/IOException'> (0x0000000786c05fa8) thrown at [/HUDSON/workspace/8-2-build-linux-amd64/jdk8u201/12317/hotspot/src/share/vm/prims/jni.cpp, line 709]

Events (10 events):
Event: 0.080 loading class java/util/NoSuchElementException
Event: 0.080 loading class java/util/NoSuchElementException done
Event: 0.080 loading class mx/unam/ciencias/edd/proyecto1/IteradorLista
Event: 0.080 loading class mx/unam/ciencias/edd/proyecto1/IteradorLista done
Event: 0.080 loading class mx/unam/ciencias/edd/proyecto1/ExcepcionIndiceInvalido
Event: 0.080 loading class mx/unam/ciencias/edd/proyecto1/ExcepcionIndiceInvalido done
Event: 0.081 loading class java/lang/IndexOutOfBoundsException
Event: 0.081 loading class java/lang/IndexOutOfBoundsException done
Event: 5375.044 loading class mx/unam/ciencias/edd/proyecto1/Comparador
Event: 5375.044 loading class mx/unam/ciencias/edd/proyecto1/Comparador done


Dynamic libraries:
00400000-00401000 r-xp 00000000 08:08 792356                             /usr/lib/jvm/java-8-oracle/jre/bin/java
00600000-00601000 r--p 00000000 08:08 792356                             /usr/lib/jvm/java-8-oracle/jre/bin/java
00601000-00602000 rw-p 00001000 08:08 792356                             /usr/lib/jvm/java-8-oracle/jre/bin/java
018dd000-018fe000 rw-p 00000000 00:00 0                                  [heap]
714200000-71b500000 rw-p 00000000 00:00 0 
71b500000-786b80000 ---p 00000000 00:00 0 
786b80000-78a480000 rw-p 00000000 00:00 0 
78a480000-7c0000000 ---p 00000000 00:00 0 
7c0000000-7c0080000 rw-p 00000000 00:00 0 
7c0080000-800000000 ---p 00000000 00:00 0 
7f8580000000-7f8580021000 rw-p 00000000 00:00 0 
7f8580021000-7f8584000000 ---p 00000000 00:00 0 
7f8584000000-7f8584021000 rw-p 00000000 00:00 0 
7f8584021000-7f8588000000 ---p 00000000 00:00 0 
7f8588000000-7f8588035000 rw-p 00000000 00:00 0 
7f8588035000-7f858c000000 ---p 00000000 00:00 0 
7f858c000000-7f858c021000 rw-p 00000000 00:00 0 
7f858c021000-7f8590000000 ---p 00000000 00:00 0 
7f8590000000-7f8590046000 rw-p 00000000 00:00 0 
7f8590046000-7f8594000000 ---p 00000000 00:00 0 
7f8594000000-7f8594021000 rw-p 00000000 00:00 0 
7f8594021000-7f8598000000 ---p 00000000 00:00 0 
7f8598000000-7f8598021000 rw-p 00000000 00:00 0 
7f8598021000-7f859c000000 ---p 00000000 00:00 0 
7f859c000000-7f859c021000 rw-p 00000000 00:00 0 
7f859c021000-7f85a0000000 ---p 00000000 00:00 0 
7f85a0000000-7f85a0021000 rw-p 00000000 00:00 0 
7f85a0021000-7f85a4000000 ---p 00000000 00:00 0 
7f85a4000000-7f85a4021000 rw-p 00000000 00:00 0 
7f85a4021000-7f85a8000000 ---p 00000000 00:00 0 
7f85a8000000-7f85a8021000 rw-p 00000000 00:00 0 
7f85a8021000-7f85ac000000 ---p 00000000 00:00 0 
7f85ae873000-7f85b4000000 rw-p 00000000 00:00 0 
7f85b4000000-7f85b4021000 rw-p 00000000 00:00 0 
7f85b4021000-7f85b8000000 ---p 00000000 00:00 0 
7f85b8000000-7f85b8021000 rw-p 00000000 00:00 0 
7f85b8021000-7f85bc000000 ---p 00000000 00:00 0 
7f85bc000000-7f85bc021000 rw-p 00000000 00:00 0 
7f85bc021000-7f85c0000000 ---p 00000000 00:00 0 
7f85c015a000-7f85c0252000 rw-p 00000000 00:00 0 
7f85c0252000-7f85c0255000 ---p 00000000 00:00 0 
7f85c0255000-7f85c0353000 rw-p 00000000 00:00 0 
7f85c0353000-7f85c0354000 ---p 00000000 00:00 0 
7f85c0354000-7f85c0454000 rw-p 00000000 00:00 0 
7f85c0454000-7f85c0457000 ---p 00000000 00:00 0 
7f85c0457000-7f85c0555000 rw-p 00000000 00:00 0 
7f85c0555000-7f85c0556000 ---p 00000000 00:00 0 
7f85c0556000-7f85c0559000 ---p 00000000 00:00 0 
7f85c0559000-7f85c0656000 rw-p 00000000 00:00 0 
7f85c0656000-7f85c0657000 ---p 00000000 00:00 0 
7f85c0657000-7f85c065a000 ---p 00000000 00:00 0 
7f85c065a000-7f85c0757000 rw-p 00000000 00:00 0 
7f85c0757000-7f85c0758000 ---p 00000000 00:00 0 
7f85c0758000-7f85c075b000 ---p 00000000 00:00 0 
7f85c075b000-7f85c0858000 rw-p 00000000 00:00 0 
7f85c0858000-7f85c085b000 ---p 00000000 00:00 0 
7f85c085b000-7f85c0959000 rw-p 00000000 00:00 0 
7f85c0959000-7f85c1328000 r--p 00000000 08:08 6167289                    /usr/lib/locale/locale-archive
7f85c1328000-7f85c132b000 ---p 00000000 00:00 0 
7f85c132b000-7f85c1429000 rw-p 00000000 00:00 0 
7f85c1429000-7f85c142c000 ---p 00000000 00:00 0 
7f85c142c000-7f85c152a000 rw-p 00000000 00:00 0 
7f85c152a000-7f85c152b000 ---p 00000000 00:00 0 
7f85c152b000-7f85c253a000 rw-p 00000000 00:00 0 
7f85c253a000-7f85c2714000 r--s 03d6f000 08:08 802020                     /usr/lib/jvm/java-8-oracle/jre/lib/rt.jar
7f85c2714000-7f85c2bca000 rw-p 00000000 00:00 0 
7f85c2bca000-7f85c2f8a000 ---p 00000000 00:00 0 
7f85c2f8a000-7f85c34e9000 rw-p 00000000 00:00 0 
7f85c34e9000-7f85c34ea000 ---p 00000000 00:00 0 
7f85c34ea000-7f85c35ea000 rw-p 00000000 00:00 0 
7f85c35ea000-7f85c35eb000 ---p 00000000 00:00 0 
7f85c35eb000-7f85c36eb000 rw-p 00000000 00:00 0 
7f85c36eb000-7f85c36ec000 ---p 00000000 00:00 0 
7f85c36ec000-7f85c37ec000 rw-p 00000000 00:00 0 
7f85c37ec000-7f85c37ed000 ---p 00000000 00:00 0 
7f85c37ed000-7f85c3927000 rw-p 00000000 00:00 0 
7f85c3927000-7f85c3c82000 ---p 00000000 00:00 0 
7f85c3c82000-7f85c3cbc000 rw-p 00000000 00:00 0 
7f85c3cbc000-7f85c4016000 ---p 00000000 00:00 0 
7f85c4016000-7f85c4034000 rw-p 00000000 00:00 0 
7f85c4034000-7f85c41e1000 ---p 00000000 00:00 0 
7f85c41e1000-7f85c41ec000 rw-p 00000000 00:00 0 
7f85c41ec000-7f85c45a2000 ---p 00000000 00:00 0 
7f85c45a2000-7f85c4812000 rwxp 00000000 00:00 0 
7f85c4812000-7f85d35a2000 ---p 00000000 00:00 0 
7f85d35a2000-7f85d35bd000 r-xp 00000000 08:08 802233                     /usr/lib/jvm/java-8-oracle/jre/lib/amd64/libzip.so
7f85d35bd000-7f85d37bc000 ---p 0001b000 08:08 802233                     /usr/lib/jvm/java-8-oracle/jre/lib/amd64/libzip.so
7f85d37bc000-7f85d37bd000 r--p 0001a000 08:08 802233                     /usr/lib/jvm/java-8-oracle/jre/lib/amd64/libzip.so
7f85d37bd000-7f85d37be000 rw-p 0001b000 08:08 802233                     /usr/lib/jvm/java-8-oracle/jre/lib/amd64/libzip.so
7f85d37be000-7f85d37c9000 r-xp 00000000 08:08 3674948                    /lib/x86_64-linux-gnu/libnss_files-2.27.so
7f85d37c9000-7f85d39c8000 ---p 0000b000 08:08 3674948                    /lib/x86_64-linux-gnu/libnss_files-2.27.so
7f85d39c8000-7f85d39c9000 r--p 0000a000 08:08 3674948                    /lib/x86_64-linux-gnu/libnss_files-2.27.so
7f85d39c9000-7f85d39ca000 rw-p 0000b000 08:08 3674948                    /lib/x86_64-linux-gnu/libnss_files-2.27.so
7f85d39ca000-7f85d39d0000 rw-p 00000000 00:00 0 
7f85d39d0000-7f85d39e7000 r-xp 00000000 08:08 3674942                    /lib/x86_64-linux-gnu/libnsl-2.27.so
7f85d39e7000-7f85d3be6000 ---p 00017000 08:08 3674942                    /lib/x86_64-linux-gnu/libnsl-2.27.so
7f85d3be6000-7f85d3be7000 r--p 00016000 08:08 3674942                    /lib/x86_64-linux-gnu/libnsl-2.27.so
7f85d3be7000-7f85d3be8000 rw-p 00017000 08:08 3674942                    /lib/x86_64-linux-gnu/libnsl-2.27.so
7f85d3be8000-7f85d3bea000 rw-p 00000000 00:00 0 
7f85d3bea000-7f85d3bf5000 r-xp 00000000 08:08 3674959                    /lib/x86_64-linux-gnu/libnss_nis-2.27.so
7f85d3bf5000-7f85d3df4000 ---p 0000b000 08:08 3674959                    /lib/x86_64-linux-gnu/libnss_nis-2.27.so
7f85d3df4000-7f85d3df5000 r--p 0000a000 08:08 3674959                    /lib/x86_64-linux-gnu/libnss_nis-2.27.so
7f85d3df5000-7f85d3df6000 rw-p 0000b000 08:08 3674959                    /lib/x86_64-linux-gnu/libnss_nis-2.27.so
7f85d3df6000-7f85d3dfe000 r-xp 00000000 08:08 3674944                    /lib/x86_64-linux-gnu/libnss_compat-2.27.so
7f85d3dfe000-7f85d3ffe000 ---p 00008000 08:08 3674944                    /lib/x86_64-linux-gnu/libnss_compat-2.27.so
7f85d3ffe000-7f85d3fff000 r--p 00008000 08:08 3674944                    /lib/x86_64-linux-gnu/libnss_compat-2.27.so
7f85d3fff000-7f85d4000000 rw-p 00009000 08:08 3674944                    /lib/x86_64-linux-gnu/libnss_compat-2.27.so
7f85d4000000-7f85d4210000 rw-p 00000000 00:00 0 
7f85d4210000-7f85d8000000 ---p 00000000 00:00 0 
7f85d8003000-7f85d8027000 r--p 00000000 08:08 531449                     /usr/share/locale-langpack/es/LC_MESSAGES/libc.mo
7f85d8027000-7f85d8053000 r-xp 00000000 08:08 802227                     /usr/lib/jvm/java-8-oracle/jre/lib/amd64/libjava.so
7f85d8053000-7f85d8253000 ---p 0002c000 08:08 802227                     /usr/lib/jvm/java-8-oracle/jre/lib/amd64/libjava.so
7f85d8253000-7f85d8254000 r--p 0002c000 08:08 802227                     /usr/lib/jvm/java-8-oracle/jre/lib/amd64/libjava.so
7f85d8254000-7f85d8256000 rw-p 0002d000 08:08 802227                     /usr/lib/jvm/java-8-oracle/jre/lib/amd64/libjava.so
7f85d8256000-7f85d8263000 r-xp 00000000 08:08 802232                     /usr/lib/jvm/java-8-oracle/jre/lib/amd64/libverify.so
7f85d8263000-7f85d8462000 ---p 0000d000 08:08 802232                     /usr/lib/jvm/java-8-oracle/jre/lib/amd64/libverify.so
7f85d8462000-7f85d8464000 r--p 0000c000 08:08 802232                     /usr/lib/jvm/java-8-oracle/jre/lib/amd64/libverify.so
7f85d8464000-7f85d8465000 rw-p 0000e000 08:08 802232                     /usr/lib/jvm/java-8-oracle/jre/lib/amd64/libverify.so
7f85d8465000-7f85d846c000 r-xp 00000000 08:08 3674999                    /lib/x86_64-linux-gnu/librt-2.27.so
7f85d846c000-7f85d866b000 ---p 00007000 08:08 3674999                    /lib/x86_64-linux-gnu/librt-2.27.so
7f85d866b000-7f85d866c000 r--p 00006000 08:08 3674999                    /lib/x86_64-linux-gnu/librt-2.27.so
7f85d866c000-7f85d866d000 rw-p 00007000 08:08 3674999                    /lib/x86_64-linux-gnu/librt-2.27.so
7f85d866d000-7f85d880a000 r-xp 00000000 08:08 3674921                    /lib/x86_64-linux-gnu/libm-2.27.so
7f85d880a000-7f85d8a09000 ---p 0019d000 08:08 3674921                    /lib/x86_64-linux-gnu/libm-2.27.so
7f85d8a09000-7f85d8a0a000 r--p 0019c000 08:08 3674921                    /lib/x86_64-linux-gnu/libm-2.27.so
7f85d8a0a000-7f85d8a0b000 rw-p 0019d000 08:08 3674921                    /lib/x86_64-linux-gnu/libm-2.27.so
7f85d8a0b000-7f85d96f3000 r-xp 00000000 08:08 802209                     /usr/lib/jvm/java-8-oracle/jre/lib/amd64/server/libjvm.so
7f85d96f3000-7f85d98f2000 ---p 00ce8000 08:08 802209                     /usr/lib/jvm/java-8-oracle/jre/lib/amd64/server/libjvm.so
7f85d98f2000-7f85d9988000 r--p 00ce7000 08:08 802209                     /usr/lib/jvm/java-8-oracle/jre/lib/amd64/server/libjvm.so
7f85d9988000-7f85d99b9000 rw-p 00d7d000 08:08 802209                     /usr/lib/jvm/java-8-oracle/jre/lib/amd64/server/libjvm.so
7f85d99b9000-7f85d99f4000 rw-p 00000000 00:00 0 
7f85d99f4000-7f85d9bdb000 r-xp 00000000 08:08 3674858                    /lib/x86_64-linux-gnu/libc-2.27.so
7f85d9bdb000-7f85d9ddb000 ---p 001e7000 08:08 3674858                    /lib/x86_64-linux-gnu/libc-2.27.so
7f85d9ddb000-7f85d9ddf000 r--p 001e7000 08:08 3674858                    /lib/x86_64-linux-gnu/libc-2.27.so
7f85d9ddf000-7f85d9de1000 rw-p 001eb000 08:08 3674858                    /lib/x86_64-linux-gnu/libc-2.27.so
7f85d9de1000-7f85d9de5000 rw-p 00000000 00:00 0 
7f85d9de5000-7f85d9de8000 r-xp 00000000 08:08 3674881                    /lib/x86_64-linux-gnu/libdl-2.27.so
7f85d9de8000-7f85d9fe7000 ---p 00003000 08:08 3674881                    /lib/x86_64-linux-gnu/libdl-2.27.so
7f85d9fe7000-7f85d9fe8000 r--p 00002000 08:08 3674881                    /lib/x86_64-linux-gnu/libdl-2.27.so
7f85d9fe8000-7f85d9fe9000 rw-p 00003000 08:08 3674881                    /lib/x86_64-linux-gnu/libdl-2.27.so
7f85d9fe9000-7f85da000000 r-xp 00000000 08:08 802204                     /usr/lib/jvm/java-8-oracle/jre/lib/amd64/jli/libjli.so
7f85da000000-7f85da1ff000 ---p 00017000 08:08 802204                     /usr/lib/jvm/java-8-oracle/jre/lib/amd64/jli/libjli.so
7f85da1ff000-7f85da200000 r--p 00016000 08:08 802204                     /usr/lib/jvm/java-8-oracle/jre/lib/amd64/jli/libjli.so
7f85da200000-7f85da201000 rw-p 00017000 08:08 802204                     /usr/lib/jvm/java-8-oracle/jre/lib/amd64/jli/libjli.so
7f85da201000-7f85da21b000 r-xp 00000000 08:08 3674991                    /lib/x86_64-linux-gnu/libpthread-2.27.so
7f85da21b000-7f85da41a000 ---p 0001a000 08:08 3674991                    /lib/x86_64-linux-gnu/libpthread-2.27.so
7f85da41a000-7f85da41b000 r--p 00019000 08:08 3674991                    /lib/x86_64-linux-gnu/libpthread-2.27.so
7f85da41b000-7f85da41c000 rw-p 0001a000 08:08 3674991                    /lib/x86_64-linux-gnu/libpthread-2.27.so
7f85da41c000-7f85da420000 rw-p 00000000 00:00 0 
7f85da420000-7f85da447000 r-xp 00000000 08:08 3674830                    /lib/x86_64-linux-gnu/ld-2.27.so
7f85da44b000-7f85da52b000 rw-p 00000000 00:00 0 
7f85da52b000-7f85da52c000 ---p 00000000 00:00 0 
7f85da52c000-7f85da52f000 ---p 00000000 00:00 0 
7f85da52f000-7f85da630000 rw-p 00000000 00:00 0 
7f85da635000-7f85da63c000 r--s 00000000 08:08 6424804                    /usr/lib/x86_64-linux-gnu/gconv/gconv-modules.cache
7f85da63c000-7f85da63d000 r--s 00003000 08:08 2890651                    /home/miguel-tr/Escritorio/proyecto1/target/proyecto1.jar
7f85da63d000-7f85da645000 rw-s 00000000 08:08 3413022                    /tmp/hsperfdata_miguel-tr/5976
7f85da645000-7f85da646000 rw-p 00000000 00:00 0 
7f85da646000-7f85da647000 r--p 00000000 00:00 0 
7f85da647000-7f85da648000 r--p 00027000 08:08 3674830                    /lib/x86_64-linux-gnu/ld-2.27.so
7f85da648000-7f85da649000 rw-p 00028000 08:08 3674830                    /lib/x86_64-linux-gnu/ld-2.27.so
7f85da649000-7f85da64a000 rw-p 00000000 00:00 0 
7ffe63965000-7ffe63986000 rw-p 00000000 00:00 0                          [stack]
7ffe63992000-7ffe63995000 r--p 00000000 00:00 0                          [vvar]
7ffe63995000-7ffe63997000 r-xp 00000000 00:00 0                          [vdso]
ffffffffff600000-ffffffffff601000 r-xp 00000000 00:00 0                  [vsyscall]

VM Arguments:
java_command: proyecto1.jar -o poo
java_class_path (initial): proyecto1.jar
Launcher Type: SUN_STANDARD

Environment Variables:
JAVA_HOME=/usr/lib/jvm/java-8-oracle
PATH=/usr/local/sbin:/usr/local/bin:/usr/sbin:/usr/bin:/sbin:/bin:/usr/games:/usr/local/games:/snap/bin:/usr/lib/jvm/java-8-oracle/bin:/usr/lib/jvm/java-8-oracle/db/bin:/usr/lib/jvm/java-8-oracle/jre/bin
USERNAME=miguel-tr
SHELL=/bin/bash
DISPLAY=:0

Signal Handlers:
SIGSEGV: [libjvm.so+0xad3e60], sa_mask[0]=11111111011111111101111111111110, sa_flags=SA_RESTART|SA_SIGINFO
SIGBUS: [libjvm.so+0xad3e60], sa_mask[0]=11111111011111111101111111111110, sa_flags=SA_RESTART|SA_SIGINFO
SIGFPE: [libjvm.so+0x90b880], sa_mask[0]=11111111011111111101111111111110, sa_flags=SA_RESTART|SA_SIGINFO
SIGPIPE: [libjvm.so+0x90b880], sa_mask[0]=11111111011111111101111111111110, sa_flags=SA_RESTART|SA_SIGINFO
SIGXFSZ: [libjvm.so+0x90b880], sa_mask[0]=11111111011111111101111111111110, sa_flags=SA_RESTART|SA_SIGINFO
SIGILL: [libjvm.so+0x90b880], sa_mask[0]=11111111011111111101111111111110, sa_flags=SA_RESTART|SA_SIGINFO
SIGUSR1: SIG_DFL, sa_mask[0]=00000000000000000000000000000000, sa_flags=none
SIGUSR2: [libjvm.so+0x90b750], sa_mask[0]=00000000000000000000000000000000, sa_flags=SA_RESTART|SA_SIGINFO
SIGHUP: [libjvm.so+0x90bd70], sa_mask[0]=11111111011111111101111111111110, sa_flags=SA_RESTART|SA_SIGINFO
SIGINT: [libjvm.so+0x90bd70], sa_mask[0]=11111111011111111101111111111110, sa_flags=SA_RESTART|SA_SIGINFO
SIGTERM: [libjvm.so+0x90bd70], sa_mask[0]=11111111011111111101111111111110, sa_flags=SA_RESTART|SA_SIGINFO
SIGQUIT: [libjvm.so+0x90bd70], sa_mask[0]=11111111011111111101111111111110, sa_flags=SA_RESTART|SA_SIGINFO


---------------  S Y S T E M  ---------------

OS:DISTRIB_ID=Ubuntu
DISTRIB_RELEASE=18.04
DISTRIB_CODENAME=bionic
DISTRIB_DESCRIPTION="Ubuntu 18.04.2 LTS"

uname:Linux 4.15.0-46-generic #49-Ubuntu SMP Wed Feb 6 09:33:07 UTC 2019 x86_64
libc:glibc 2.27 NPTL 2.27 
rlimit: STACK 8192k, CORE 0k, NPROC 43347, NOFILE 4096, AS infinity
load average:0.72 0.74 0.76

/proc/meminfo:
MemTotal:       11262512 kB
MemFree:         7737240 kB
MemAvailable:    9562176 kB
Buffers:          331844 kB
Cached:          1695200 kB
SwapCached:            0 kB
Active:          2020984 kB
Inactive:         944860 kB
Active(anon):     940536 kB
Inactive(anon):    16348 kB
Active(file):    1080448 kB
Inactive(file):   928512 kB
Unevictable:           0 kB
Mlocked:               0 kB
SwapTotal:        488444 kB
SwapFree:         488444 kB
Dirty:               924 kB
Writeback:           848 kB
AnonPages:        902052 kB
Mapped:           176688 kB
Shmem:             18068 kB
Slab:             165228 kB
SReclaimable:     103004 kB
SUnreclaim:        62224 kB
KernelStack:        5280 kB
PageTables:        11356 kB
NFS_Unstable:          0 kB
Bounce:                0 kB
WritebackTmp:          0 kB
CommitLimit:     6119700 kB
Committed_AS:    3502408 kB
VmallocTotal:   34359738367 kB
VmallocUsed:           0 kB
VmallocChunk:          0 kB
HardwareCorrupted:     0 kB
AnonHugePages:         0 kB
ShmemHugePages:        0 kB
ShmemPmdMapped:        0 kB
CmaTotal:              0 kB
CmaFree:               0 kB
HugePages_Total:       0
HugePages_Free:        0
HugePages_Rsvd:        0
HugePages_Surp:        0
Hugepagesize:       2048 kB
DirectMap4k:      554264 kB
DirectMap2M:     7768064 kB
DirectMap1G:     4194304 kB

container (cgroup) information:
container_type: cgroupv1
cpu_cpuset_cpus: 0-3
cpu_memory_nodes: 0
active_processor_count: 4
cpu_quota: -1
cpu_period: 100000
cpu_shares: -1
memory_limit_in_bytes: -1
memory_and_swap_limit_in_bytes: -2
memory_soft_limit_in_bytes: -1
memory_usage_in_bytes: 3036725248
memory_max_usage_in_bytes: 0


CPU:total 4 (initial active 4) (4 cores per cpu, 1 threads per core) family 23 model 17 stepping 0, cmov, cx8, fxsr, mmx, sse, sse2, sse3, ssse3, sse4.1, sse4.2, popcnt, avx, avx2, aes, clmul, mmxext, 3dnowpref, lzcnt, sse4a, tsc, tscinvbit, tscinv, bmi1

/proc/cpuinfo:
processor	: 0
vendor_id	: AuthenticAMD
cpu family	: 23
model		: 17
model name	: AMD Ryzen 3 2300U with Radeon Vega Mobile Gfx
stepping	: 0
microcode	: 0x810100b
cpu MHz		: 2169.500
cache size	: 512 KB
physical id	: 0
siblings	: 4
core id		: 0
cpu cores	: 4
apicid		: 0
initial apicid	: 0
fpu		: yes
fpu_exception	: yes
cpuid level	: 13
wp		: yes
flags		: fpu vme de pse tsc msr pae mce cx8 apic sep mtrr pge mca cmov pat pse36 clflush mmx fxsr sse sse2 ht syscall nx mmxext fxsr_opt pdpe1gb rdtscp lm constant_tsc rep_good nopl nonstop_tsc cpuid extd_apicid aperfmperf pni pclmulqdq monitor ssse3 fma cx16 sse4_1 sse4_2 movbe popcnt aes xsave avx f16c rdrand lahf_lm cmp_legacy svm extapic cr8_legacy abm sse4a misalignsse 3dnowprefetch osvw skinit wdt tce topoext perfctr_core perfctr_nb bpext perfctr_llc mwaitx hw_pstate sme ssbd ibpb vmmcall fsgsbase bmi1 avx2 smep bmi2 rdseed adx smap clflushopt sha_ni xsaveopt xsavec xgetbv1 xsaves clzero irperf xsaveerptr arat npt lbrv svm_lock nrip_save tsc_scale vmcb_clean flushbyasid decodeassists pausefilter pfthreshold avic v_vmsave_vmload vgif overflow_recov succor smca
bugs		: sysret_ss_attrs null_seg spectre_v1 spectre_v2 spec_store_bypass
bogomips	: 3992.28
TLB size	: 2560 4K pages
clflush size	: 64
cache_alignment	: 64
address sizes	: 43 bits physical, 48 bits virtual
power management: ts ttp tm hwpstate eff_freq_ro [13] [14]

processor	: 1
vendor_id	: AuthenticAMD
cpu family	: 23
model		: 17
model name	: AMD Ryzen 3 2300U with Radeon Vega Mobile Gfx
stepping	: 0
microcode	: 0x810100b
cpu MHz		: 2154.655
cache size	: 512 KB
physical id	: 0
siblings	: 4
core id		: 1
cpu cores	: 4
apicid		: 1
initial apicid	: 1
fpu		: yes
fpu_exception	: yes
cpuid level	: 13
wp		: yes
flags		: fpu vme de pse tsc msr pae mce cx8 apic sep mtrr pge mca cmov pat pse36 clflush mmx fxsr sse sse2 ht syscall nx mmxext fxsr_opt pdpe1gb rdtscp lm constant_tsc rep_good nopl nonstop_tsc cpuid extd_apicid aperfmperf pni pclmulqdq monitor ssse3 fma cx16 sse4_1 sse4_2 movbe popcnt aes xsave avx f16c rdrand lahf_lm cmp_legacy svm extapic cr8_legacy abm sse4a misalignsse 3dnowprefetch osvw skinit wdt tce topoext perfctr_core perfctr_nb bpext perfctr_llc mwaitx hw_pstate sme ssbd ibpb vmmcall fsgsbase bmi1 avx2 smep bmi2 rdseed adx smap clflushopt sha_ni xsaveopt xsavec xgetbv1 xsaves clzero irperf xsaveerptr arat npt lbrv svm_lock nrip_save tsc_scale vmcb_clean flushbyasid decodeassists pausefilter pfthreshold avic v_vmsave_vmload vgif overflow_recov succor smca
bugs		: sysret_ss_attrs null_seg spectre_v1 spectre_v2 spec_store_bypass
bogomips	: 3992.28
TLB size	: 2560 4K pages
clflush size	: 64
cache_alignment	: 64
address sizes	: 43 bits physical, 48 bits virtual
power management: ts ttp tm hwpstate eff_freq_ro [13] [14]

processor	: 2
vendor_id	: AuthenticAMD
cpu family	: 23
model		: 17
model name	: AMD Ryzen 3 2300U with Radeon Vega Mobile Gfx
stepping	: 0
microcode	: 0x810100b
cpu MHz		: 1992.202
cache size	: 512 KB
physical id	: 0
siblings	: 4
core id		: 2
cpu cores	: 4
apicid		: 2
initial apicid	: 2
fpu		: yes
fpu_exception	: yes
cpuid level	: 13
wp		: yes
flags		: fpu vme de pse tsc msr pae mce cx8 apic sep mtrr pge mca cmov pat pse36 clflush mmx fxsr sse sse2 ht syscall nx mmxext fxsr_opt pdpe1gb rdtscp lm constant_tsc rep_good nopl nonstop_tsc cpuid extd_apicid aperfmperf pni pclmulqdq monitor ssse3 fma cx16 sse4_1 sse4_2 movbe popcnt aes xsave avx f16c rdrand lahf_lm cmp_legacy svm extapic cr8_legacy abm sse4a misalignsse 3dnowprefetch osvw skinit wdt tce topoext perfctr_core perfctr_nb bpext perfctr_llc mwaitx hw_pstate sme ssbd ibpb vmmcall fsgsbase bmi1 avx2 smep bmi2 rdseed adx smap clflushopt sha_ni xsaveopt xsavec xgetbv1 xsaves clzero irperf xsaveerptr arat npt lbrv svm_lock nrip_save tsc_scale vmcb_clean flushbyasid decodeassists pausefilter pfthreshold avic v_vmsave_vmload vgif overflow_recov succor smca
bugs		: sysret_ss_attrs null_seg spectre_v1 spectre_v2 spec_store_bypass
bogomips	: 3992.28
TLB size	: 2560 4K pages
clflush size	: 64
cache_alignment	: 64
address sizes	: 43 bits physical, 48 bits virtual
power management: ts ttp tm hwpstate eff_freq_ro [13] [14]

processor	: 3
vendor_id	: AuthenticAMD
cpu family	: 23
model		: 17
model name	: AMD Ryzen 3 2300U with Radeon Vega Mobile Gfx
stepping	: 0
microcode	: 0x810100b
cpu MHz		: 2094.660
cache size	: 512 KB
physical id	: 0
siblings	: 4
core id		: 3
cpu cores	: 4
apicid		: 3
initial apicid	: 3
fpu		: yes
fpu_exception	: yes
cpuid level	: 13
wp		: yes
flags		: fpu vme de pse tsc msr pae mce cx8 apic sep mtrr pge mca cmov pat pse36 clflush mmx fxsr sse sse2 ht syscall nx mmxext fxsr_opt pdpe1gb rdtscp lm constant_tsc rep_good nopl nonstop_tsc cpuid extd_apicid aperfmperf pni pclmulqdq monitor ssse3 fma cx16 sse4_1 sse4_2 movbe popcnt aes xsave avx f16c rdrand lahf_lm cmp_legacy svm extapic cr8_legacy abm sse4a misalignsse 3dnowprefetch osvw skinit wdt tce topoext perfctr_core perfctr_nb bpext perfctr_llc mwaitx hw_pstate sme ssbd ibpb vmmcall fsgsbase bmi1 avx2 smep bmi2 rdseed adx smap clflushopt sha_ni xsaveopt xsavec xgetbv1 xsaves clzero irperf xsaveerptr arat npt lbrv svm_lock nrip_save tsc_scale vmcb_clean flushbyasid decodeassists pausefilter pfthreshold avic v_vmsave_vmload vgif overflow_recov succor smca
bugs		: sysret_ss_attrs null_seg spectre_v1 spectre_v2 spec_store_bypass
bogomips	: 3992.28
TLB size	: 2560 4K pages
clflush size	: 64
cache_alignment	: 64
address sizes	: 43 bits physical, 48 bits virtual
power management: ts ttp tm hwpstate eff_freq_ro [13] [14]



Memory: 4k page, physical 11262512k(8060184k free), swap 488444k(488444k free)

vm_info: Java HotSpot(TM) 64-Bit Server VM (25.201-b09) for linux-amd64 JRE (1.8.0_201-b09), built on Dec 15 2018 11:35:59 by "java_re" with gcc 7.3.0

time: Fri Mar 22 13:43:29 2019
timezone: CST
elapsed time: 5375 seconds (0d 1h 29m 35s)

